  log.c
  main.c
c:\users\rtuchman\documents\studies\year e\semester a\מבוא לתכנות מערכות\isp-projects\2\ex2\ex2\main.h(6): error C2143: syntax error: missing '{' before '*'
c:\users\rtuchman\documents\studies\year e\semester a\מבוא לתכנות מערכות\isp-projects\2\ex2\ex2\main.c(22): warning C4047: 'function': 'const char *' differs in levels of indirection from 'char'
c:\users\rtuchman\documents\studies\year e\semester a\מבוא לתכנות מערכות\isp-projects\2\ex2\ex2\main.c(22): warning C4024: 'fopen': different types for formal and actual parameter 1
c:\users\rtuchman\documents\studies\year e\semester a\מבוא לתכנות מערכות\isp-projects\2\ex2\ex2\main.c(25): warning C4098: 'main': 'void' function returning a value
c:\users\rtuchman\documents\studies\year e\semester a\מבוא לתכנות מערכות\isp-projects\2\ex2\ex2\main.c(39): warning C4098: 'main': 'void' function returning a value
c:\users\rtuchman\documents\studies\year e\semester a\מבוא לתכנות מערכות\isp-projects\2\ex2\ex2\main.c(46): warning C4098: 'main': 'void' function returning a value
c:\users\rtuchman\documents\studies\year e\semester a\מבוא לתכנות מערכות\isp-projects\2\ex2\ex2\main.c(59): warning C4098: 'main': 'void' function returning a value
c:\users\rtuchman\documents\studies\year e\semester a\מבוא לתכנות מערכות\isp-projects\2\ex2\ex2\main.c(68): warning C4098: 'main': 'void' function returning a value
c:\users\rtuchman\documents\studies\year e\semester a\מבוא לתכנות מערכות\isp-projects\2\ex2\ex2\main.c(79): error C2065: 'NameOfSiteArray': undeclared identifier
c:\users\rtuchman\documents\studies\year e\semester a\מבוא לתכנות מערכות\isp-projects\2\ex2\ex2\main.c(79): error C2109: subscript requires array or pointer type
c:\users\rtuchman\documents\studies\year e\semester a\מבוא לתכנות מערכות\isp-projects\2\ex2\ex2\main.c(79): warning C4473: 'printf' : not enough arguments passed for format string
  c:\users\rtuchman\documents\studies\year e\semester a\מבוא לתכנות מערכות\isp-projects\2\ex2\ex2\main.c(79): note: placeholders and their parameters expect 1 variadic arguments, but 0 were provided
  c:\users\rtuchman\documents\studies\year e\semester a\מבוא לתכנות מערכות\isp-projects\2\ex2\ex2\main.c(79): note: the missing variadic argument 1 is required by format string '%s'
c:\users\rtuchman\documents\studies\year e\semester a\מבוא לתכנות מערכות\isp-projects\2\ex2\ex2\main.c(83): error C2065: 'NameOfSiteArray': undeclared identifier
c:\users\rtuchman\documents\studies\year e\semester a\מבוא לתכנות מערכות\isp-projects\2\ex2\ex2\main.c(83): error C2109: subscript requires array or pointer type
c:\users\rtuchman\documents\studies\year e\semester a\מבוא לתכנות מערכות\isp-projects\2\ex2\ex2\main.c(83): warning C4473: 'printf' : not enough arguments passed for format string
  c:\users\rtuchman\documents\studies\year e\semester a\מבוא לתכנות מערכות\isp-projects\2\ex2\ex2\main.c(83): note: placeholders and their parameters expect 1 variadic arguments, but 0 were provided
  c:\users\rtuchman\documents\studies\year e\semester a\מבוא לתכנות מערכות\isp-projects\2\ex2\ex2\main.c(83): note: the missing variadic argument 1 is required by format string '%s'
c:\users\rtuchman\documents\studies\year e\semester a\מבוא לתכנות מערכות\isp-projects\2\ex2\ex2\main.c(90): error C2065: 'NameOfSiteArray': undeclared identifier
c:\users\rtuchman\documents\studies\year e\semester a\מבוא לתכנות מערכות\isp-projects\2\ex2\ex2\main.c(90): warning C4022: 'free': pointer mismatch for actual parameter 1
c:\users\rtuchman\documents\studies\year e\semester a\מבוא לתכנות מערכות\isp-projects\2\ex2\ex2\main.c(93): warning C4098: 'main': 'void' function returning a value
  system_functions.c
  test_exe.c
c:\users\rtuchman\documents\studies\year e\semester a\מבוא לתכנות מערכות\isp-projects\2\ex2\ex2\main.h(6): error C2143: syntax error: missing '{' before '*'
c:\users\rtuchman\documents\studies\year e\semester a\מבוא לתכנות מערכות\isp-projects\2\ex2\ex2\test_exe.c(20): warning C4133: 'function': incompatible types - from 'int *' to 'FILE *'
  Generating Code...
